INFO:root:dropdown_options are [{'label': 'miles', 'value': 'km per day'}, {'label': 'kilometres', 'value': 'km per day'}]
INFO:dash.dash:Dash is running on http://127.0.0.1:8050/

INFO:root:dropdown_options are [{'label': 'miles', 'value': 'km per day'}, {'label': 'kilometres', 'value': 'km per day'}]
INFO:root:dropdown_options are [{'label': 'miles', 'value': 'km per day'}, {'label': 'kilometres', 'value': 'km per day'}]
INFO:root:dropdown_options are [{'label': 'miles', 'value': 'km per day'}, {'label': 'kilometres', 'value': 'km per day'}]
INFO:root:dropdown_options are [{'label': 'miles', 'value': 'km per day'}, {'label': 'kilometres', 'value': 'km per day'}]
INFO:root:selected column is km per day
INFO:root:dropdown_options are [{'label': 'miles', 'value': 'km per day'}, {'label': 'kilometres', 'value': 'km per day'}]
INFO:dash.dash:Dash is running on http://127.0.0.1:8050/

INFO:root:dropdown_options are [{'label': 'miles', 'value': 'km per day'}, {'label': 'kilometres', 'value': 'km per day'}]
INFO:root:selected column is km per day
INFO:root:dropdown_options are [{'label': 'miles', 'value': 'miles per day'}, {'label': 'kilometres', 'value': 'km per day'}]
INFO:root:selected column is km per day
INFO:root:selected column is km per day
INFO:root:selected column is miles per day
INFO:root:selected column is km per day
INFO:root:dropdown_options are [{'label': 'miles', 'value': 'miles per day'}, {'label': 'kilometres', 'value': 'km per day'}]
INFO:root:selected column is km per day
INFO:root:dropdown_options are [{'label': 'miles', 'value': 'miles'}, {'label': 'kilometres', 'value': 'kilometres'}]
INFO:dash.dash:Dash is running on http://127.0.0.1:8050/

INFO:root:dropdown_options are [{'label': 'miles', 'value': 'miles'}, {'label': 'kilometres', 'value': 'kilometres'}]
INFO:root:selected column is km per day
INFO:root:dropdown_options are [{'label': 'miles', 'value': 'miles'}, {'label': 'kilometres', 'value': 'kilometres'}]
INFO:dash.dash:Dash is running on http://127.0.0.1:8050/

INFO:root:dropdown_options are [{'label': 'miles', 'value': 'miles'}, {'label': 'kilometres', 'value': 'kilometres'}]
INFO:root:selected column is kilometres
INFO:root:selected column is miles
INFO:root:selected column is kilometres
INFO:root:selected column is miles
INFO:root:selected column is kilometres
INFO:root:selected column is miles
INFO:root:selected column is kilometres
INFO:root:selected column is miles
INFO:root:dropdown_options are [{'label': 'miles', 'value': 'miles'}, {'label': 'kilometres', 'value': 'kilometres'}]
INFO:dash.dash:Dash is running on http://127.0.0.1:8050/

INFO:root:dropdown_options are [{'label': 'miles', 'value': 'miles'}, {'label': 'kilometres', 'value': 'kilometres'}]
INFO:root:selected column is kilometres
